#
# There is insufficient memory for the Java Runtime Environment to continue.
# Native memory allocation (malloc) failed to allocate 1048576 bytes for AllocateHeap
# Possible reasons:
#   The system is out of physical RAM or swap space
#   The process is running with CompressedOops enabled, and the Java Heap may be blocking the growth of the native heap
# Possible solutions:
#   Reduce memory load on the system
#   Increase physical memory or swap space
#   Check if swap backing store is full
#   Decrease Java heap size (-Xmx/-Xms)
#   Decrease number of Java threads
#   Decrease Java thread stack sizes (-Xss)
#   Set larger code cache with -XX:ReservedCodeCacheSize=
#   JVM is running with Zero Based Compressed Oops mode in which the Java heap is
#     placed in the first 32GB address space. The Java Heap base address is the
#     maximum limit for the native heap growth. Please use -XX:HeapBaseMinAddress
#     to set the Java Heap base and to place the Java Heap above 32GB virtual address.
# This output file may be truncated or incomplete.
#
#  Out of Memory Error (memory/allocation.inline.hpp:61), pid=13952, tid=0x00000000000053d8
#
# JRE version:  (8.0_242-b01) (build )
# Java VM: OpenJDK 64-Bit Server VM (25.242-b01 mixed mode windows-amd64 compressed oops)
# Failed to write core dump. Minidumps are not enabled by default on client versions of Windows
#

---------------  T H R E A D  ---------------

Current thread (0x0000000002d22800):  JavaThread "Unknown thread" [_thread_in_vm, id=21464, stack(0x0000000002ba0000,0x0000000002ca0000)]

Stack: [0x0000000002ba0000,0x0000000002ca0000]
[error occurred during error reporting (printing stack bounds), id 0xc0000005]

Native frames: (J=compiled Java code, j=interpreted, Vv=VM code, C=native code)


---------------  P R O C E S S  ---------------

Java Threads: ( => current thread )

Other Threads:

=>0x0000000002d22800 (exited) JavaThread "Unknown thread" [_thread_in_vm, id=21464, stack(0x0000000002ba0000,0x0000000002ca0000)]

VM state:not at safepoint (normal execution)

VM Mutex/Monitor currently owned by a thread: None

heap address: 0x0000000702200000, size: 3038 MB, Compressed Oops mode: Zero based, Oop shift amount: 3
Narrow klass base: 0x0000000000000000, Narrow klass shift: 3
Compressed class space size: 1073741824 Address: 0x00000007c0000000

Heap:
 PSYoungGen      total 56832K, used 983K [0x0000000780b80000, 0x0000000784a80000, 0x00000007c0000000)
  eden space 49152K, 2% used [0x0000000780b80000,0x0000000780c75c38,0x0000000783b80000)
  from space 7680K, 0% used [0x0000000784300000,0x0000000784300000,0x0000000784a80000)
  to   space 7680K, 0% used [0x0000000783b80000,0x0000000783b80000,0x0000000784300000)
 ParOldGen       total 130048K, used 0K [0x0000000702200000, 0x000000070a100000, 0x0000000780b80000)
  object space 130048K, 0% used [0x0000000702200000,0x0000000702200000,0x000000070a100000)
 Metaspace       used 779K, capacity 4480K, committed 4480K, reserved 1056768K
  class space    used 74K, capacity 384K, committed 384K, reserved 1048576K

Card table byte_map: [0x00000000121e0000,0x00000000127d0000] byte_map_base: 0x000000000e9cf000

Marking Bits: (ParMarkBitMap*) 0x0000000075c6f030
 Begin Bits: [0x00000000133d0000, 0x0000000016348000)
 End Bits:   [0x0000000016348000, 0x00000000192c0000)

Polling page: 0x0000000000f40000

CodeCache: size=245760Kb used=328Kb max_used=328Kb free=245431Kb
 bounds [0x0000000002e20000, 0x0000000003090000, 0x0000000011e20000]
 total_blobs=57 nmethods=0 adapters=38
 compilation: enabled

Compilation events (0 events):
No events

GC Heap History (0 events):
No events

Deoptimization events (0 events):
No events

Classes redefined (0 events):
No events

Internal exceptions (0 events):
No events

Events (10 events):
Event: 0.017 loading class java/lang/Short
Event: 0.017 loading class java/lang/Short done
Event: 0.017 loading class java/lang/Integer
Event: 0.017 loading class java/lang/Integer done
Event: 0.017 loading class java/lang/Long
Event: 0.018 loading class java/lang/Long done
Event: 0.018 loading class java/lang/NullPointerException
Event: 0.018 loading class java/lang/NullPointerException done
Event: 0.018 loading class java/lang/ArithmeticException
Event: 0.018 loading class java/lang/ArithmeticException done


Dynamic libraries:
0x00007ff6ca460000 - 0x00007ff6ca491000 	C:\Program Files\Android\Android Studio\jre\jre\bin\java.exe
0x00007ffa67620000 - 0x00007ffa67810000 	C:\WINDOWS\SYSTEM32\ntdll.dll
0x00007ffa660a0000 - 0x00007ffa66152000 	C:\WINDOWS\System32\KERNEL32.DLL
0x00007ffa64720000 - 0x00007ffa649c5000 	C:\WINDOWS\System32\KERNELBASE.dll
0x00007ffa665c0000 - 0x00007ffa66663000 	C:\WINDOWS\System32\ADVAPI32.dll
0x00007ffa664a0000 - 0x00007ffa6653e000 	C:\WINDOWS\System32\msvcrt.dll
0x00007ffa671e0000 - 0x00007ffa67277000 	C:\WINDOWS\System32\sechost.dll
0x00007ffa670c0000 - 0x00007ffa671df000 	C:\WINDOWS\System32\RPCRT4.dll
0x00007ffa66ec0000 - 0x00007ffa67054000 	C:\WINDOWS\System32\USER32.dll
0x00007ffa645a0000 - 0x00007ffa645c1000 	C:\WINDOWS\System32\win32u.dll
0x00007ffa675b0000 - 0x00007ffa675d6000 	C:\WINDOWS\System32\GDI32.dll
0x00007ffa64a80000 - 0x00007ffa64c18000 	C:\WINDOWS\System32\gdi32full.dll
0x00007ffa64d20000 - 0x00007ffa64dbe000 	C:\WINDOWS\System32\msvcp_win.dll
0x00007ffa64c20000 - 0x00007ffa64d1a000 	C:\WINDOWS\System32\ucrtbase.dll
0x00007ffa4cba0000 - 0x00007ffa4ce24000 	C:\WINDOWS\WinSxS\amd64_microsoft.windows.common-controls_6595b64144ccf1df_6.0.18362.1379_none_9e7ff3b3e45cc0c4\COMCTL32.dll
0x00007ffa66160000 - 0x00007ffa66497000 	C:\WINDOWS\System32\combase.dll
0x00007ffa65640000 - 0x00007ffa656c1000 	C:\WINDOWS\System32\bcryptPrimitives.dll
0x00007ffa666f0000 - 0x00007ffa6671e000 	C:\WINDOWS\System32\IMM32.DLL
0x00000000751b0000 - 0x0000000075282000 	C:\Program Files\Android\Android Studio\jre\jre\bin\msvcr100.dll
0x00000000754a0000 - 0x0000000075ceb000 	C:\Program Files\Android\Android Studio\jre\jre\bin\server\jvm.dll
0x00007ffa65900000 - 0x00007ffa65908000 	C:\WINDOWS\System32\PSAPI.DLL
0x00007ffa56b80000 - 0x00007ffa56b89000 	C:\WINDOWS\SYSTEM32\WSOCK32.dll
0x00007ffa51970000 - 0x00007ffa51994000 	C:\WINDOWS\SYSTEM32\WINMM.dll
0x00007ffa5bcb0000 - 0x00007ffa5bcba000 	C:\WINDOWS\SYSTEM32\VERSION.dll
0x00007ffa67280000 - 0x00007ffa672ef000 	C:\WINDOWS\System32\WS2_32.dll
0x00007ffa51220000 - 0x00007ffa5124d000 	C:\WINDOWS\SYSTEM32\WINMMBASE.dll
0x00007ffa649d0000 - 0x00007ffa64a1a000 	C:\WINDOWS\System32\cfgmgr32.dll
0x00007ffa55220000 - 0x00007ffa5522f000 	C:\Program Files\Android\Android Studio\jre\jre\bin\verify.dll
0x00007ffa55080000 - 0x00007ffa550a9000 	C:\Program Files\Android\Android Studio\jre\jre\bin\java.dll
0x00007ffa55060000 - 0x00007ffa55076000 	C:\Program Files\Android\Android Studio\jre\jre\bin\zip.dll

VM Arguments:
java_command: org.jetbrains.kotlin.cli.jvm.K2JVMCompiler @C:\Users\Jaydip dey\AndroidStudioProjects\Fragments_and_navigation\app\build\20210224_7005114723053293184.compiler.options
java_class_path (initial): C:\Users\Jaydip dey\.gradle\caches\modules-2\files-2.1\org.jetbrains.kotlin\kotlin-compiler-embeddable\1.4.21\87db94500aaf883536ae8c8efdee76bdc839d582\kotlin-compiler-embeddable-1.4.21.jar;C:\Users\Jaydip dey\.gradle\caches\modules-2\files-2.1\org.jetbrains.kotlin\kotlin-reflect\1.4.21\748f681f4e3edbe9285ff46710c79049c70f4dfa\kotlin-reflect-1.4.21.jar;C:\Users\Jaydip dey\.gradle\caches\modules-2\files-2.1\org.jetbrains.kotlin\kotlin-stdlib\1.4.21\4a668382d7c38688d3490afde93b6a113ed46698\kotlin-stdlib-1.4.21.jar;C:\Users\Jaydip dey\.gradle\caches\modules-2\files-2.1\org.jetbrains.kotlin\kotlin-script-runtime\1.4.21\1247decba314790165b4fe94d09c45b09db6b07f\kotlin-script-runtime-1.4.21.jar;C:\Users\Jaydip dey\.gradle\caches\modules-2\files-2.1\org.jetbrains.kotlin\kotlin-daemon-embeddable\1.4.21\bc95bcebdc871d45d9852b0c01abe9bec373bb52\kotlin-daemon-embeddable-1.4.21.jar;C:\Users\Jaydip dey\.gradle\caches\modules-2\files-2.1\org.jetbrains.intellij.deps\trove4j\1.0.20181211\216c2e14b070f334479d800987affe4054cd563f\trove4j-1.0.20181211.jar;C:\Users\Jaydip dey\.gradle\caches\modules-2\files-2.1\org.jetbrains.kotlin\kotlin-stdlib-common\1.4.21\7f48a062aa4b53215998780f7c245a4276828e1d\kotlin-stdlib-common-1.4.21.jar;C:\Users\Jaydip dey\.gradle\caches\modules-2\files-2.1\org.jetbrains\annotations\13.0\919f0dfe192fb4e063e7dacadee7f8bb9a2672a9\annotations-13.0.jar;C:\Program Files\Android\Android Studio\jre\lib\tools.jar
Launcher Type: SUN_STANDARD

Environment Variables:
JAVA_HOME=C:\Program Files\Java\jdk-14.0.1
PATH=C:\Python38\Scripts\;C:\Python38\;C:\Program Files (x86)\Common Files\Oracle\Java\javapath;C:\WINDOWS\system32;C:\WINDOWS;C:\WINDOWS\System32\Wbem;C:\WINDOWS\System32\WindowsPowerShell\v1.0\;C:\WINDOWS\System32\OpenSSH\;C:\Program Files\nodejs\;C:\ProgramData\chocolatey\bin;C:\Program Files\PuTTY\;C:\MinGW\bin;C:\Program Files\Microsoft SQL Server\Client SDK\ODBC\170\Tools\Binn\;C:\Program Files (x86)\Microsoft SQL Server\150\Tools\Binn\;C:\Program Files\Microsoft SQL Server\150\Tools\Binn\;C:\Program Files\Microsoft SQL Server\150\DTS\Binn\;C:\Program Files (x86)\Microsoft SQL Server\150\DTS\Binn\;C:\Program Files\Java\jdk-14.0.1\bin;C:\Program Files (x86)\Yarn\bin\;C:\Program Files\dotnet\;C:\Program Files\Microsoft SQL Server\130\Tools\Binn\;C:\Program Files (x86)\dotnet\;E:\command;C:\Program Files\Git\cmd;C:\Users\Jaydip dey\AppData\Local\Android\Sdk\platform-tools;C:\Users\Jaydip dey\AppData\Local\Android\Sdk\tools;C:\Users\Jaydip dey\AppData\Local\python2\scripts;C:\Users\Jaydip dey\AppData\Local\python2;C:\Users\Jaydip dey\AppData\Local\Microsoft\WindowsApps;C:\Users\Jaydip dey\AppData\Local\Programs\Microsoft VS Code\bin;C:\Users\Jaydip dey\AppData\Roaming\npm;C:\MinGW\bin;C:\Program Files\MongoDB\Server\4.4\bin;C:\Program Files\heroku\bin;C:\Program Files\Git\bin;C:\Users\Jaydip dey\AppData\Local\Yarn\bin;C:\Program Files\JetBrains\WebStorm 2020.1\bin;C:\Users\Jaydip dey\.dotnet\tools;C:\Users\Jaydip dey\AppData\Local\atom\bin
USERNAME=Jaydipdey
OS=Windows_NT
PROCESSOR_IDENTIFIER=Intel64 Family 6 Model 142 Stepping 12, GenuineIntel



---------------  S Y S T E M  ---------------

OS: Windows 10.0 , 64 bit Build 18362 (10.0.18362.1350)

CPU:total 8 (initial active 8) (4 cores per cpu, 2 threads per core) family 6 model 142 stepping 12, cmov, cx8, fxsr, mmx, sse, sse2, sse3, ssse3, sse4.1, sse4.2, popcnt, avx, avx2, aes, clmul, erms, 3dnowpref, lzcnt, ht, tsc, tscinvbit, bmi1, bmi2, adx

Memory: 4k page, physical 12440428k(714992k free), swap 22767144k(5556k free)

vm_info: OpenJDK 64-Bit Server VM (25.242-b01) for windows-amd64 JRE (1.8.0_242-release-1644-b01), built by "builder" with MS VC++ 10.0 (VS2010)

time: Wed Feb 24 23:32:01 2021
timezone: India Standard Time
elapsed time: 0 seconds (0d 0h 0m 0s)

